<?xml version="1.0" encoding="UTF-8"?>
<!-- Generated by org.testng.reporters.JUnitReportReporter -->
<testsuite skipped="0" hostname="Admin-PC" name="Demo.NewTest" tests="2" failures="0" timestamp="01 Mar 2020 15:06:38 GMT" time="102.463" errors="0">
  <testcase name="TitleCheck" time="52.072" classname="Demo.NewTest"/>
  <testcase name="TitleCheck" time="50.391" classname="Demo.NewTest"/>
</testsuite> <!-- Demo.NewTest -->
